[INFO] 08:14:21:931 SUSE/(5045:5045): El logger se creo con exito
[INFO] 08:14:52:521 SUSE/(5057:5057): El logger se creo con exito
[INFO] 08:14:52:521 SUSE/(5057:5057): La configuracion fue cargada exitosamente
[INFO] 08:14:52:521 SUSE/(5057:5057): 
 [+]La configuracion es la siguiente 

[INFO] 08:14:52:521 SUSE/(5057:5057): LISTEN_PORT ->  "5003"
[INFO] 08:14:52:521 SUSE/(5057:5057): Metrics_timer ->  50
[INFO] 08:14:52:521 SUSE/(5057:5057): --------------

[INFO] 08:14:52:521 SUSE/(5057:5057): Dentro de iniciar servidor
[INFO] 08:14:52:551 SUSE/(5057:5057): Listo para escuchar a mi cliente
[INFO] 08:14:52:551 SUSE/(5057:5057): Se conecto un cliente!
[INFO] 08:14:52:551 SUSE/(5057:5057): Se envió el mensaje al cliente
[INFO] 08:15:07:990 SUSE/(5065:5065): El logger se creo con exito
[INFO] 08:15:07:991 SUSE/(5065:5065): La configuracion fue cargada exitosamente
[INFO] 08:15:07:991 SUSE/(5065:5065): 
 [+]La configuracion es la siguiente 

[INFO] 08:15:07:991 SUSE/(5065:5065): LISTEN_PORT ->  "5003"
[INFO] 08:15:07:991 SUSE/(5065:5065): Metrics_timer ->  50
[INFO] 08:15:07:991 SUSE/(5065:5065): --------------

[INFO] 08:15:07:991 SUSE/(5065:5065): Dentro de iniciar servidor
[INFO] 08:15:07:992 SUSE/(5065:5065): Listo para escuchar a mi cliente
[INFO] 08:15:07:992 SUSE/(5065:5065): Se conecto un cliente!
[INFO] 08:15:07:992 SUSE/(5065:5065): Se envió el mensaje al cliente
[INFO] 08:15:35:49 SUSE/(5077:5077): El logger se creo con exito
[INFO] 08:15:35:49 SUSE/(5077:5077): La configuracion fue cargada exitosamente
[INFO] 08:15:35:49 SUSE/(5077:5077): 
 [+]La configuracion es la siguiente 

[INFO] 08:15:35:49 SUSE/(5077:5077): LISTEN_PORT ->  "5003"
[INFO] 08:15:35:50 SUSE/(5077:5077): Metrics_timer ->  50
[INFO] 08:15:35:50 SUSE/(5077:5077): --------------

[INFO] 08:15:35:50 SUSE/(5077:5077): Dentro de iniciar servidor
[INFO] 08:15:35:51 SUSE/(5077:5077): Listo para escuchar a mi cliente
[INFO] 08:15:35:51 SUSE/(5077:5077): Se conecto un cliente!
[INFO] 08:15:35:51 SUSE/(5077:5077): Se envió el mensaje al cliente
[INFO] 08:17:33:357 SUSE/(5104:5104): El logger se creo con exito
[INFO] 08:17:33:357 SUSE/(5104:5104): La configuracion fue cargada exitosamente
[INFO] 08:17:33:358 SUSE/(5104:5104): 
 [+]La configuracion es la siguiente 

[INFO] 08:17:33:358 SUSE/(5104:5104): LISTEN_PORT ->  "5003"
[INFO] 08:17:33:358 SUSE/(5104:5104): Metrics_timer ->  50
[INFO] 08:17:33:358 SUSE/(5104:5104): --------------

[INFO] 08:17:33:358 SUSE/(5104:5104): Dentro de iniciar servidor
[INFO] 08:17:33:359 SUSE/(5104:5104): Listo para escuchar a mi cliente
[INFO] 08:17:33:359 SUSE/(5104:5104): Se conecto un cliente!
[INFO] 08:17:33:359 SUSE/(5104:5104): Se envió el mensaje al cliente
[INFO] 08:18:48:505 SUSE/(5125:5125): El logger se creo con exito
[INFO] 08:18:48:505 SUSE/(5125:5125): La configuracion fue cargada exitosamente
[INFO] 08:18:48:506 SUSE/(5125:5125): 
 [+]La configuracion es la siguiente 

[INFO] 08:18:48:506 SUSE/(5125:5125): LISTEN_PORT ->  5003
[INFO] 08:18:48:506 SUSE/(5125:5125): Metrics_timer ->  50
[INFO] 08:18:48:506 SUSE/(5125:5125): --------------

[INFO] 08:18:48:506 SUSE/(5125:5125): Dentro de iniciar servidor
[INFO] 08:18:48:506 SUSE/(5125:5125): Listo para escuchar a mi cliente
[INFO] 08:18:54:793 SUSE/(5125:5125): Se conecto un cliente!
[INFO] 08:18:54:794 SUSE/(5125:5125): Se envió el mensaje al cliente
