[INFO] 16:23:17:89 Sac-Cli/(7626:7626): Se ha iniciado una nueva instancia del logger

[INFO] 16:23:17:141 Sac-Cli/(7626:7626): Conexion correcta

[INFO] 16:23:17:359 Sac-Cli/(7626:7635): Se llamo a fusesito_getattr

[INFO] 16:23:17:361 Sac-Cli/(7626:7635): /
[INFO] 16:23:17:361 Sac-Cli/(7626:7634): Se llamo a fusesito_getattr

[INFO] 16:23:17:367 Sac-Cli/(7626:7634): /.xdg-volume-info
[INFO] 16:23:17:369 Sac-Cli/(7626:7634): se pudo enviar pack
[ERROR] 16:23:17:373 Sac-Cli/(7626:7634): Codigo de operacion: 4
[INFO] 16:23:17:373 Sac-Cli/(7626:7635): se pudo enviar pack
[ERROR] 16:23:17:374 Sac-Cli/(7626:7634): Tamanio: 21
[ERROR] 16:23:17:377 Sac-Cli/(7626:7635): Codigo de operacion: 4
[ERROR] 16:23:17:378 Sac-Cli/(7626:7635): Tamanio: 21
[ERROR] 16:23:17:378 Sac-Cli/(7626:7635): tamanio del path que recive: 21 
[ERROR] 16:23:17:379 Sac-Cli/(7626:7635): Hola, recibi GETATTR
[ERROR] 16:23:17:379 Sac-Cli/(7626:7634): tamanio del path que recive: 21 
[ERROR] 16:23:17:387 Sac-Cli/(7626:7634): Hola, recibi GETATTR
[INFO] 16:23:17:391 Sac-Cli/(7626:7637): Se llamo a fusesito_getattr

[INFO] 16:23:17:391 Sac-Cli/(7626:7637): /autorun.inf
[INFO] 16:23:17:392 Sac-Cli/(7626:7637): se pudo enviar pack
[ERROR] 16:23:17:392 Sac-Cli/(7626:7637): Codigo de operacion: 4
[ERROR] 16:23:17:393 Sac-Cli/(7626:7637): Tamanio: 21
[ERROR] 16:23:17:394 Sac-Cli/(7626:7637): tamanio del path que recive: 21 
[ERROR] 16:23:17:394 Sac-Cli/(7626:7637): Hola, recibi GETATTR
[INFO] 16:23:17:400 Sac-Cli/(7626:7636): Se llamo a fusesito_getattr

[INFO] 16:23:17:400 Sac-Cli/(7626:7636): /.Trash
[INFO] 16:23:17:401 Sac-Cli/(7626:7636): se pudo enviar pack
[ERROR] 16:23:17:401 Sac-Cli/(7626:7636): Codigo de operacion: 4
[ERROR] 16:23:17:401 Sac-Cli/(7626:7636): Tamanio: 21
[ERROR] 16:23:17:402 Sac-Cli/(7626:7636): tamanio del path que recive: 21 
[ERROR] 16:23:17:403 Sac-Cli/(7626:7636): Hola, recibi GETATTR
[INFO] 16:23:17:404 Sac-Cli/(7626:7634): Se llamo a fusesito_getattr

[INFO] 16:23:17:404 Sac-Cli/(7626:7634): /.Trash-1000
[INFO] 16:23:17:405 Sac-Cli/(7626:7634): se pudo enviar pack
[ERROR] 16:23:17:405 Sac-Cli/(7626:7634): Codigo de operacion: 4
[ERROR] 16:23:17:406 Sac-Cli/(7626:7634): Tamanio: 21
[ERROR] 16:23:17:406 Sac-Cli/(7626:7634): tamanio del path que recive: 21 
[ERROR] 16:23:17:406 Sac-Cli/(7626:7634): Hola, recibi GETATTR
[INFO] 16:23:17:412 Sac-Cli/(7626:7635): Se llamo a fusesito_readdir

[INFO] 16:23:17:422 Sac-Cli/(7626:7636): Se llamo a fusesito_getattr

[INFO] 16:23:17:422 Sac-Cli/(7626:7636): /ElArchivito
[INFO] 16:23:17:423 Sac-Cli/(7626:7636): se pudo enviar pack
[ERROR] 16:23:17:423 Sac-Cli/(7626:7636): Codigo de operacion: 4
[ERROR] 16:23:17:424 Sac-Cli/(7626:7636): Tamanio: 21
[ERROR] 16:23:17:424 Sac-Cli/(7626:7636): tamanio del path que recive: 21 
[ERROR] 16:23:17:424 Sac-Cli/(7626:7636): Hola, recibi GETATTR
[INFO] 16:23:17:449 Sac-Cli/(7626:7634): Se llamo a fusesito_getattr

[INFO] 16:23:17:449 Sac-Cli/(7626:7634): /LaCosa
[INFO] 16:23:17:449 Sac-Cli/(7626:7634): se pudo enviar pack
[ERROR] 16:23:17:450 Sac-Cli/(7626:7634): Codigo de operacion: 4
[ERROR] 16:23:17:450 Sac-Cli/(7626:7634): Tamanio: 21
[ERROR] 16:23:17:450 Sac-Cli/(7626:7634): tamanio del path que recive: 21 
[ERROR] 16:23:17:451 Sac-Cli/(7626:7634): Hola, recibi GETATTR
[INFO] 16:23:17:462 Sac-Cli/(7626:7634): Se llamo a fusesito_getattr

[INFO] 16:23:17:462 Sac-Cli/(7626:7634): /
[INFO] 16:23:17:463 Sac-Cli/(7626:7634): se pudo enviar pack
[ERROR] 16:23:17:463 Sac-Cli/(7626:7634): Codigo de operacion: 4
[ERROR] 16:23:17:463 Sac-Cli/(7626:7634): Tamanio: 21
[ERROR] 16:23:17:464 Sac-Cli/(7626:7634): tamanio del path que recive: 21 
[ERROR] 16:23:17:465 Sac-Cli/(7626:7634): Hola, recibi GETATTR
[INFO] 16:23:17:465 Sac-Cli/(7626:7636): Se llamo a fusesito_readdir

[INFO] 16:23:17:467 Sac-Cli/(7626:7636): Se llamo a fusesito_getattr

[INFO] 16:23:17:467 Sac-Cli/(7626:7636): /LaCosa
[INFO] 16:23:17:468 Sac-Cli/(7626:7636): se pudo enviar pack
[ERROR] 16:23:17:468 Sac-Cli/(7626:7636): Codigo de operacion: 4
[ERROR] 16:23:17:469 Sac-Cli/(7626:7636): Tamanio: 21
[ERROR] 16:23:17:469 Sac-Cli/(7626:7636): tamanio del path que recive: 21 
[ERROR] 16:23:17:469 Sac-Cli/(7626:7636): Hola, recibi GETATTR
[INFO] 16:23:17:471 Sac-Cli/(7626:7635): Se llamo a fusesito_getattr

[INFO] 16:23:17:472 Sac-Cli/(7626:7635): /
[INFO] 16:23:17:472 Sac-Cli/(7626:7635): se pudo enviar pack
[ERROR] 16:23:17:472 Sac-Cli/(7626:7635): Codigo de operacion: 4
[ERROR] 16:23:17:473 Sac-Cli/(7626:7635): Tamanio: 21
[ERROR] 16:23:17:473 Sac-Cli/(7626:7635): tamanio del path que recive: 21 
[ERROR] 16:23:17:474 Sac-Cli/(7626:7635): Hola, recibi GETATTR
[INFO] 16:23:17:474 Sac-Cli/(7626:7637): Se llamo a fusesito_readdir

[INFO] 16:23:17:475 Sac-Cli/(7626:7638): Se llamo a fusesito_getattr

[INFO] 16:23:17:476 Sac-Cli/(7626:7638): /LaCosa
[INFO] 16:23:17:476 Sac-Cli/(7626:7638): se pudo enviar pack
[ERROR] 16:23:17:477 Sac-Cli/(7626:7638): Codigo de operacion: 4
[ERROR] 16:23:17:477 Sac-Cli/(7626:7638): Tamanio: 21
[ERROR] 16:23:17:477 Sac-Cli/(7626:7638): tamanio del path que recive: 21 
[ERROR] 16:23:17:478 Sac-Cli/(7626:7638): Hola, recibi GETATTR
[INFO] 16:23:17:479 Sac-Cli/(7626:7637): Se llamo a fusesito_getattr

[INFO] 16:23:17:480 Sac-Cli/(7626:7637): /
[INFO] 16:23:17:480 Sac-Cli/(7626:7637): se pudo enviar pack
[ERROR] 16:23:17:481 Sac-Cli/(7626:7637): Codigo de operacion: 4
[ERROR] 16:23:17:481 Sac-Cli/(7626:7637): Tamanio: 21
[ERROR] 16:23:17:481 Sac-Cli/(7626:7637): tamanio del path que recive: 21 
[ERROR] 16:23:17:482 Sac-Cli/(7626:7637): Hola, recibi GETATTR
[INFO] 16:23:17:483 Sac-Cli/(7626:7634): Se llamo a fusesito_readdir

[INFO] 16:23:17:484 Sac-Cli/(7626:7634): Se llamo a fusesito_getattr

[INFO] 16:23:17:484 Sac-Cli/(7626:7634): /LaCosa
[INFO] 16:23:17:485 Sac-Cli/(7626:7634): se pudo enviar pack
[ERROR] 16:23:17:485 Sac-Cli/(7626:7634): Codigo de operacion: 4
[ERROR] 16:23:17:486 Sac-Cli/(7626:7634): Tamanio: 21
[ERROR] 16:23:17:486 Sac-Cli/(7626:7634): tamanio del path que recive: 21 
[ERROR] 16:23:17:486 Sac-Cli/(7626:7634): Hola, recibi GETATTR
[INFO] 16:23:17:493 Sac-Cli/(7626:7638): Se llamo a fusesito_getattr

[INFO] 16:23:17:494 Sac-Cli/(7626:7638): /
[INFO] 16:23:17:494 Sac-Cli/(7626:7638): se pudo enviar pack
[ERROR] 16:23:17:494 Sac-Cli/(7626:7638): Codigo de operacion: 4
[ERROR] 16:23:17:495 Sac-Cli/(7626:7638): Tamanio: 21
[ERROR] 16:23:17:495 Sac-Cli/(7626:7638): tamanio del path que recive: 21 
[ERROR] 16:23:17:495 Sac-Cli/(7626:7638): Hola, recibi GETATTR
[INFO] 16:23:17:501 Sac-Cli/(7626:7636): Se llamo a fusesito_readdir

[INFO] 16:23:17:502 Sac-Cli/(7626:7635): Se llamo a fusesito_getattr

[INFO] 16:23:17:502 Sac-Cli/(7626:7635): /LaCosa
[INFO] 16:23:17:502 Sac-Cli/(7626:7635): se pudo enviar pack
[ERROR] 16:23:17:503 Sac-Cli/(7626:7635): Codigo de operacion: 4
[ERROR] 16:23:17:503 Sac-Cli/(7626:7635): Tamanio: 21
[ERROR] 16:23:17:503 Sac-Cli/(7626:7635): tamanio del path que recive: 21 
[ERROR] 16:23:17:504 Sac-Cli/(7626:7635): Hola, recibi GETATTR
[INFO] 16:23:17:505 Sac-Cli/(7626:7636): Se llamo a fusesito_getattr

[INFO] 16:23:17:505 Sac-Cli/(7626:7636): /
[INFO] 16:23:17:506 Sac-Cli/(7626:7636): se pudo enviar pack
[ERROR] 16:23:17:506 Sac-Cli/(7626:7636): Codigo de operacion: 4
[ERROR] 16:23:17:506 Sac-Cli/(7626:7636): Tamanio: 21
[ERROR] 16:23:17:507 Sac-Cli/(7626:7636): tamanio del path que recive: 21 
[ERROR] 16:23:17:507 Sac-Cli/(7626:7636): Hola, recibi GETATTR
[INFO] 16:23:17:509 Sac-Cli/(7626:7634): Se llamo a fusesito_readdir

[INFO] 16:23:17:510 Sac-Cli/(7626:7634): Se llamo a fusesito_getattr

[INFO] 16:23:17:510 Sac-Cli/(7626:7634): /LaCosa
[INFO] 16:23:17:510 Sac-Cli/(7626:7634): se pudo enviar pack
[ERROR] 16:23:17:511 Sac-Cli/(7626:7634): Codigo de operacion: 4
[ERROR] 16:23:17:511 Sac-Cli/(7626:7634): Tamanio: 21
[ERROR] 16:23:17:512 Sac-Cli/(7626:7634): tamanio del path que recive: 21 
[ERROR] 16:23:17:512 Sac-Cli/(7626:7634): Hola, recibi GETATTR
[INFO] 16:23:17:513 Sac-Cli/(7626:7637): Se llamo a fusesito_getattr

[INFO] 16:23:17:514 Sac-Cli/(7626:7637): /
[INFO] 16:23:17:514 Sac-Cli/(7626:7637): se pudo enviar pack
[ERROR] 16:23:17:514 Sac-Cli/(7626:7637): Codigo de operacion: 4
[ERROR] 16:23:17:515 Sac-Cli/(7626:7637): Tamanio: 21
[ERROR] 16:23:17:515 Sac-Cli/(7626:7637): tamanio del path que recive: 21 
[ERROR] 16:23:17:515 Sac-Cli/(7626:7637): Hola, recibi GETATTR
[INFO] 16:23:17:516 Sac-Cli/(7626:7638): Se llamo a fusesito_readdir

[INFO] 16:23:17:517 Sac-Cli/(7626:7635): Se llamo a fusesito_getattr

[INFO] 16:23:17:517 Sac-Cli/(7626:7635): /LaCosa
[INFO] 16:23:17:518 Sac-Cli/(7626:7635): se pudo enviar pack
[ERROR] 16:23:17:519 Sac-Cli/(7626:7635): Codigo de operacion: 4
[ERROR] 16:23:17:520 Sac-Cli/(7626:7635): Tamanio: 21
[ERROR] 16:23:17:520 Sac-Cli/(7626:7635): tamanio del path que recive: 21 
[ERROR] 16:23:17:520 Sac-Cli/(7626:7635): Hola, recibi GETATTR
[INFO] 16:23:17:524 Sac-Cli/(7626:7636): Se llamo a fusesito_getattr

[INFO] 16:23:17:524 Sac-Cli/(7626:7636): /
[INFO] 16:23:17:525 Sac-Cli/(7626:7636): se pudo enviar pack
[ERROR] 16:23:17:525 Sac-Cli/(7626:7636): Codigo de operacion: 4
[ERROR] 16:23:17:525 Sac-Cli/(7626:7636): Tamanio: 21
[ERROR] 16:23:17:526 Sac-Cli/(7626:7636): tamanio del path que recive: 21 
[ERROR] 16:23:17:527 Sac-Cli/(7626:7636): Hola, recibi GETATTR
[INFO] 16:23:17:527 Sac-Cli/(7626:7638): Se llamo a fusesito_readdir

[INFO] 16:23:17:528 Sac-Cli/(7626:7637): Se llamo a fusesito_getattr

[INFO] 16:23:17:529 Sac-Cli/(7626:7637): /LaCosa
[INFO] 16:23:17:529 Sac-Cli/(7626:7637): se pudo enviar pack
[ERROR] 16:23:17:529 Sac-Cli/(7626:7637): Codigo de operacion: 4
[ERROR] 16:23:17:530 Sac-Cli/(7626:7637): Tamanio: 21
[ERROR] 16:23:17:530 Sac-Cli/(7626:7637): tamanio del path que recive: 21 
[ERROR] 16:23:17:530 Sac-Cli/(7626:7637): Hola, recibi GETATTR
[INFO] 16:23:17:532 Sac-Cli/(7626:7634): Se llamo a fusesito_getattr

[INFO] 16:23:17:532 Sac-Cli/(7626:7634): /
[INFO] 16:23:17:533 Sac-Cli/(7626:7634): se pudo enviar pack
[ERROR] 16:23:17:533 Sac-Cli/(7626:7634): Codigo de operacion: 4
[ERROR] 16:23:17:534 Sac-Cli/(7626:7634): Tamanio: 21
[ERROR] 16:23:17:534 Sac-Cli/(7626:7634): tamanio del path que recive: 21 
[ERROR] 16:23:17:534 Sac-Cli/(7626:7634): Hola, recibi GETATTR
[INFO] 16:23:17:535 Sac-Cli/(7626:7635): Se llamo a fusesito_readdir

[INFO] 16:23:17:536 Sac-Cli/(7626:7636): Se llamo a fusesito_getattr

[INFO] 16:23:17:536 Sac-Cli/(7626:7636): /LaCosa
[INFO] 16:23:17:536 Sac-Cli/(7626:7636): se pudo enviar pack
[ERROR] 16:23:17:537 Sac-Cli/(7626:7636): Codigo de operacion: 4
[ERROR] 16:23:17:540 Sac-Cli/(7626:7636): Tamanio: 21
[ERROR] 16:23:17:540 Sac-Cli/(7626:7636): tamanio del path que recive: 21 
[ERROR] 16:23:17:541 Sac-Cli/(7626:7636): Hola, recibi GETATTR
[INFO] 16:23:17:543 Sac-Cli/(7626:7635): Se llamo a fusesito_getattr

[INFO] 16:23:17:543 Sac-Cli/(7626:7635): /
[INFO] 16:23:17:543 Sac-Cli/(7626:7635): se pudo enviar pack
[ERROR] 16:23:17:544 Sac-Cli/(7626:7635): Codigo de operacion: 4
[ERROR] 16:23:17:544 Sac-Cli/(7626:7635): Tamanio: 21
[ERROR] 16:23:17:544 Sac-Cli/(7626:7635): tamanio del path que recive: 21 
[ERROR] 16:23:17:545 Sac-Cli/(7626:7635): Hola, recibi GETATTR
[INFO] 16:23:17:546 Sac-Cli/(7626:7637): Se llamo a fusesito_readdir

[INFO] 16:23:17:546 Sac-Cli/(7626:7634): Se llamo a fusesito_getattr

[INFO] 16:23:17:547 Sac-Cli/(7626:7634): /LaCosa
[INFO] 16:23:17:547 Sac-Cli/(7626:7634): se pudo enviar pack
[ERROR] 16:23:17:547 Sac-Cli/(7626:7634): Codigo de operacion: 4
[ERROR] 16:23:17:548 Sac-Cli/(7626:7634): Tamanio: 21
[ERROR] 16:23:17:552 Sac-Cli/(7626:7634): tamanio del path que recive: 21 
[ERROR] 16:23:17:552 Sac-Cli/(7626:7634): Hola, recibi GETATTR
[INFO] 16:23:17:553 Sac-Cli/(7626:7637): Se llamo a fusesito_getattr

[INFO] 16:23:17:553 Sac-Cli/(7626:7637): /
[INFO] 16:23:17:554 Sac-Cli/(7626:7637): se pudo enviar pack
[ERROR] 16:23:17:554 Sac-Cli/(7626:7637): Codigo de operacion: 4
[ERROR] 16:23:17:555 Sac-Cli/(7626:7637): Tamanio: 21
[ERROR] 16:23:17:555 Sac-Cli/(7626:7637): tamanio del path que recive: 21 
[ERROR] 16:23:17:555 Sac-Cli/(7626:7637): Hola, recibi GETATTR
[INFO] 16:23:17:561 Sac-Cli/(7626:7636): Se llamo a fusesito_readdir

[INFO] 16:23:17:562 Sac-Cli/(7626:7635): Se llamo a fusesito_getattr

[INFO] 16:23:17:562 Sac-Cli/(7626:7635): /LaCosa
[INFO] 16:23:17:563 Sac-Cli/(7626:7635): se pudo enviar pack
[ERROR] 16:23:17:563 Sac-Cli/(7626:7635): Codigo de operacion: 4
[ERROR] 16:23:17:563 Sac-Cli/(7626:7635): Tamanio: 21
[ERROR] 16:23:17:564 Sac-Cli/(7626:7635): tamanio del path que recive: 21 
[ERROR] 16:23:17:564 Sac-Cli/(7626:7635): Hola, recibi GETATTR
[INFO] 16:23:17:565 Sac-Cli/(7626:7636): Se llamo a fusesito_getattr

[INFO] 16:23:17:565 Sac-Cli/(7626:7636): /
[INFO] 16:23:17:566 Sac-Cli/(7626:7636): se pudo enviar pack
[ERROR] 16:23:17:566 Sac-Cli/(7626:7636): Codigo de operacion: 4
[ERROR] 16:23:17:566 Sac-Cli/(7626:7636): Tamanio: 21
[ERROR] 16:23:17:567 Sac-Cli/(7626:7636): tamanio del path que recive: 21 
[ERROR] 16:23:17:567 Sac-Cli/(7626:7636): Hola, recibi GETATTR
[INFO] 16:23:17:568 Sac-Cli/(7626:7634): Se llamo a fusesito_readdir

[INFO] 16:23:17:569 Sac-Cli/(7626:7637): Se llamo a fusesito_getattr

[INFO] 16:23:17:569 Sac-Cli/(7626:7637): /LaCosa
[INFO] 16:23:17:569 Sac-Cli/(7626:7637): se pudo enviar pack
[ERROR] 16:23:17:570 Sac-Cli/(7626:7637): Codigo de operacion: 4
[ERROR] 16:23:17:570 Sac-Cli/(7626:7637): Tamanio: 21
[ERROR] 16:23:17:570 Sac-Cli/(7626:7637): tamanio del path que recive: 21 
[ERROR] 16:23:17:571 Sac-Cli/(7626:7637): Hola, recibi GETATTR
[INFO] 16:23:17:572 Sac-Cli/(7626:7634): Se llamo a fusesito_getattr

[INFO] 16:23:17:573 Sac-Cli/(7626:7634): /
[INFO] 16:23:17:573 Sac-Cli/(7626:7634): se pudo enviar pack
[ERROR] 16:23:17:574 Sac-Cli/(7626:7634): Codigo de operacion: 4
[ERROR] 16:23:17:574 Sac-Cli/(7626:7634): Tamanio: 21
[ERROR] 16:23:17:575 Sac-Cli/(7626:7634): tamanio del path que recive: 21 
[ERROR] 16:23:17:575 Sac-Cli/(7626:7634): Hola, recibi GETATTR
[INFO] 16:23:17:576 Sac-Cli/(7626:7635): Se llamo a fusesito_readdir

[INFO] 16:23:17:577 Sac-Cli/(7626:7636): Se llamo a fusesito_getattr

[INFO] 16:23:17:577 Sac-Cli/(7626:7636): /LaCosa
[INFO] 16:23:17:578 Sac-Cli/(7626:7636): se pudo enviar pack
[ERROR] 16:23:17:578 Sac-Cli/(7626:7636): Codigo de operacion: 4
[ERROR] 16:23:17:580 Sac-Cli/(7626:7636): Tamanio: 21
[ERROR] 16:23:17:580 Sac-Cli/(7626:7636): tamanio del path que recive: 21 
[ERROR] 16:23:17:583 Sac-Cli/(7626:7636): Hola, recibi GETATTR
[INFO] 16:23:17:585 Sac-Cli/(7626:7638): Se llamo a fusesito_getattr

[INFO] 16:23:17:585 Sac-Cli/(7626:7638): /
[INFO] 16:23:17:586 Sac-Cli/(7626:7638): se pudo enviar pack
[ERROR] 16:23:17:586 Sac-Cli/(7626:7638): Codigo de operacion: 4
[ERROR] 16:23:17:587 Sac-Cli/(7626:7638): Tamanio: 21
[ERROR] 16:23:17:587 Sac-Cli/(7626:7638): tamanio del path que recive: 21 
[ERROR] 16:23:17:587 Sac-Cli/(7626:7638): Hola, recibi GETATTR
[INFO] 16:23:17:588 Sac-Cli/(7626:7635): Se llamo a fusesito_readdir

[INFO] 16:23:17:589 Sac-Cli/(7626:7637): Se llamo a fusesito_getattr

[INFO] 16:23:17:589 Sac-Cli/(7626:7637): /LaCosa
[INFO] 16:23:17:589 Sac-Cli/(7626:7637): se pudo enviar pack
[ERROR] 16:23:17:590 Sac-Cli/(7626:7637): Codigo de operacion: 4
[ERROR] 16:23:17:590 Sac-Cli/(7626:7637): Tamanio: 21
[ERROR] 16:23:17:590 Sac-Cli/(7626:7637): tamanio del path que recive: 21 
[ERROR] 16:23:17:591 Sac-Cli/(7626:7637): Hola, recibi GETATTR
[INFO] 16:23:17:593 Sac-Cli/(7626:7634): Se llamo a fusesito_getattr

[INFO] 16:23:17:593 Sac-Cli/(7626:7634): /
[INFO] 16:23:17:593 Sac-Cli/(7626:7634): se pudo enviar pack
[ERROR] 16:23:17:593 Sac-Cli/(7626:7634): Codigo de operacion: 4
[ERROR] 16:23:17:594 Sac-Cli/(7626:7634): Tamanio: 21
[ERROR] 16:23:17:594 Sac-Cli/(7626:7634): tamanio del path que recive: 21 
[ERROR] 16:23:17:594 Sac-Cli/(7626:7634): Hola, recibi GETATTR
[INFO] 16:23:17:598 Sac-Cli/(7626:7635): Se llamo a fusesito_readdir

[INFO] 16:23:17:599 Sac-Cli/(7626:7638): Se llamo a fusesito_getattr

[INFO] 16:23:17:599 Sac-Cli/(7626:7638): /LaCosa
[INFO] 16:23:17:600 Sac-Cli/(7626:7638): se pudo enviar pack
[ERROR] 16:23:17:600 Sac-Cli/(7626:7638): Codigo de operacion: 4
[ERROR] 16:23:17:601 Sac-Cli/(7626:7638): Tamanio: 21
[ERROR] 16:23:17:601 Sac-Cli/(7626:7638): tamanio del path que recive: 21 
[ERROR] 16:23:17:601 Sac-Cli/(7626:7638): Hola, recibi GETATTR
[INFO] 16:23:17:603 Sac-Cli/(7626:7636): Se llamo a fusesito_getattr

[INFO] 16:23:17:604 Sac-Cli/(7626:7636): /
[INFO] 16:23:17:605 Sac-Cli/(7626:7636): se pudo enviar pack
[ERROR] 16:23:17:605 Sac-Cli/(7626:7636): Codigo de operacion: 4
[ERROR] 16:23:17:605 Sac-Cli/(7626:7636): Tamanio: 21
[ERROR] 16:23:17:605 Sac-Cli/(7626:7636): tamanio del path que recive: 21 
[ERROR] 16:23:17:606 Sac-Cli/(7626:7636): Hola, recibi GETATTR
[INFO] 16:23:17:607 Sac-Cli/(7626:7637): Se llamo a fusesito_readdir

[INFO] 16:23:17:607 Sac-Cli/(7626:7634): Se llamo a fusesito_getattr

[INFO] 16:23:17:608 Sac-Cli/(7626:7634): /LaCosa
[INFO] 16:23:17:608 Sac-Cli/(7626:7634): se pudo enviar pack
[ERROR] 16:23:17:612 Sac-Cli/(7626:7634): Codigo de operacion: 4
[ERROR] 16:23:17:613 Sac-Cli/(7626:7634): Tamanio: 21
[ERROR] 16:23:17:613 Sac-Cli/(7626:7634): tamanio del path que recive: 21 
[ERROR] 16:23:17:613 Sac-Cli/(7626:7634): Hola, recibi GETATTR
[INFO] 16:23:17:616 Sac-Cli/(7626:7637): Se llamo a fusesito_getattr

[INFO] 16:23:17:616 Sac-Cli/(7626:7637): /
[INFO] 16:23:17:617 Sac-Cli/(7626:7637): se pudo enviar pack
[ERROR] 16:23:17:617 Sac-Cli/(7626:7637): Codigo de operacion: 4
[ERROR] 16:23:17:617 Sac-Cli/(7626:7637): Tamanio: 21
[ERROR] 16:23:17:618 Sac-Cli/(7626:7637): tamanio del path que recive: 21 
[ERROR] 16:23:17:618 Sac-Cli/(7626:7637): Hola, recibi GETATTR
[INFO] 16:23:17:618 Sac-Cli/(7626:7638): Se llamo a fusesito_readdir

[INFO] 16:23:17:619 Sac-Cli/(7626:7636): Se llamo a fusesito_getattr

[INFO] 16:23:17:620 Sac-Cli/(7626:7636): /LaCosa
[INFO] 16:23:17:620 Sac-Cli/(7626:7636): se pudo enviar pack
[ERROR] 16:23:17:621 Sac-Cli/(7626:7636): Codigo de operacion: 4
[ERROR] 16:23:17:621 Sac-Cli/(7626:7636): Tamanio: 21
[ERROR] 16:23:17:621 Sac-Cli/(7626:7636): tamanio del path que recive: 21 
[ERROR] 16:23:17:622 Sac-Cli/(7626:7636): Hola, recibi GETATTR
[INFO] 16:23:17:623 Sac-Cli/(7626:7638): Se llamo a fusesito_getattr

[INFO] 16:23:17:623 Sac-Cli/(7626:7638): /
[INFO] 16:23:17:624 Sac-Cli/(7626:7638): se pudo enviar pack
[ERROR] 16:23:17:624 Sac-Cli/(7626:7638): Codigo de operacion: 4
[ERROR] 16:23:17:624 Sac-Cli/(7626:7638): Tamanio: 21
[ERROR] 16:23:17:624 Sac-Cli/(7626:7638): tamanio del path que recive: 21 
[ERROR] 16:23:17:628 Sac-Cli/(7626:7638): Hola, recibi GETATTR
[INFO] 16:23:17:629 Sac-Cli/(7626:7634): Se llamo a fusesito_readdir

[INFO] 16:23:17:629 Sac-Cli/(7626:7637): Se llamo a fusesito_getattr

[INFO] 16:23:17:630 Sac-Cli/(7626:7637): /LaCosa
[INFO] 16:23:17:630 Sac-Cli/(7626:7637): se pudo enviar pack
[ERROR] 16:23:17:630 Sac-Cli/(7626:7637): Codigo de operacion: 4
[ERROR] 16:23:17:631 Sac-Cli/(7626:7637): Tamanio: 21
[ERROR] 16:23:17:632 Sac-Cli/(7626:7637): tamanio del path que recive: 21 
[ERROR] 16:23:17:632 Sac-Cli/(7626:7637): Hola, recibi GETATTR
[INFO] 16:23:17:634 Sac-Cli/(7626:7634): Se llamo a fusesito_getattr

[INFO] 16:23:17:634 Sac-Cli/(7626:7634): /
[INFO] 16:23:17:635 Sac-Cli/(7626:7634): se pudo enviar pack
[ERROR] 16:23:17:635 Sac-Cli/(7626:7634): Codigo de operacion: 4
[ERROR] 16:23:17:635 Sac-Cli/(7626:7634): Tamanio: 21
[ERROR] 16:23:17:636 Sac-Cli/(7626:7634): tamanio del path que recive: 21 
[ERROR] 16:23:17:636 Sac-Cli/(7626:7634): Hola, recibi GETATTR
[INFO] 16:23:17:637 Sac-Cli/(7626:7636): Se llamo a fusesito_readdir

[INFO] 16:23:17:638 Sac-Cli/(7626:7638): Se llamo a fusesito_getattr

[INFO] 16:23:17:638 Sac-Cli/(7626:7638): /LaCosa
[INFO] 16:23:17:638 Sac-Cli/(7626:7638): se pudo enviar pack
[ERROR] 16:23:17:639 Sac-Cli/(7626:7638): Codigo de operacion: 4
[ERROR] 16:23:17:640 Sac-Cli/(7626:7638): Tamanio: 21
[ERROR] 16:23:17:643 Sac-Cli/(7626:7638): tamanio del path que recive: 21 
[ERROR] 16:23:17:643 Sac-Cli/(7626:7638): Hola, recibi GETATTR
[INFO] 16:23:17:644 Sac-Cli/(7626:7636): Se llamo a fusesito_getattr

[INFO] 16:23:17:645 Sac-Cli/(7626:7636): /
[INFO] 16:23:17:645 Sac-Cli/(7626:7636): se pudo enviar pack
[ERROR] 16:23:17:646 Sac-Cli/(7626:7636): Codigo de operacion: 4
[ERROR] 16:23:17:646 Sac-Cli/(7626:7636): Tamanio: 21
[ERROR] 16:23:17:646 Sac-Cli/(7626:7636): tamanio del path que recive: 21 
[ERROR] 16:23:17:647 Sac-Cli/(7626:7636): Hola, recibi GETATTR
[INFO] 16:23:17:648 Sac-Cli/(7626:7637): Se llamo a fusesito_readdir

[INFO] 16:23:17:649 Sac-Cli/(7626:7634): Se llamo a fusesito_getattr

[INFO] 16:23:17:649 Sac-Cli/(7626:7634): /LaCosa
[INFO] 16:23:17:650 Sac-Cli/(7626:7634): se pudo enviar pack
[ERROR] 16:23:17:650 Sac-Cli/(7626:7634): Codigo de operacion: 4
[ERROR] 16:23:17:650 Sac-Cli/(7626:7634): Tamanio: 21
[ERROR] 16:23:17:651 Sac-Cli/(7626:7634): tamanio del path que recive: 21 
[ERROR] 16:23:17:652 Sac-Cli/(7626:7634): Hola, recibi GETATTR
[INFO] 16:23:17:653 Sac-Cli/(7626:7637): Se llamo a fusesito_getattr

[INFO] 16:23:17:653 Sac-Cli/(7626:7637): /
[INFO] 16:23:17:654 Sac-Cli/(7626:7637): se pudo enviar pack
[ERROR] 16:23:17:654 Sac-Cli/(7626:7637): Codigo de operacion: 4
[ERROR] 16:23:17:654 Sac-Cli/(7626:7637): Tamanio: 21
[ERROR] 16:23:17:655 Sac-Cli/(7626:7637): tamanio del path que recive: 21 
[ERROR] 16:23:17:655 Sac-Cli/(7626:7637): Hola, recibi GETATTR
[INFO] 16:23:17:659 Sac-Cli/(7626:7638): Se llamo a fusesito_readdir

[INFO] 16:23:17:660 Sac-Cli/(7626:7636): Se llamo a fusesito_getattr

[INFO] 16:23:17:660 Sac-Cli/(7626:7636): /LaCosa
[INFO] 16:23:17:661 Sac-Cli/(7626:7636): se pudo enviar pack
[ERROR] 16:23:17:661 Sac-Cli/(7626:7636): Codigo de operacion: 4
[ERROR] 16:23:17:661 Sac-Cli/(7626:7636): Tamanio: 21
[ERROR] 16:23:17:662 Sac-Cli/(7626:7636): tamanio del path que recive: 21 
[ERROR] 16:23:17:662 Sac-Cli/(7626:7636): Hola, recibi GETATTR
[INFO] 16:23:17:664 Sac-Cli/(7626:7638): Se llamo a fusesito_getattr

[INFO] 16:23:17:664 Sac-Cli/(7626:7638): /
[INFO] 16:23:17:664 Sac-Cli/(7626:7638): se pudo enviar pack
[ERROR] 16:23:17:665 Sac-Cli/(7626:7638): Codigo de operacion: 4
[ERROR] 16:23:17:665 Sac-Cli/(7626:7638): Tamanio: 21
[ERROR] 16:23:17:666 Sac-Cli/(7626:7638): tamanio del path que recive: 21 
[ERROR] 16:23:17:666 Sac-Cli/(7626:7638): Hola, recibi GETATTR
[INFO] 16:23:17:666 Sac-Cli/(7626:7634): Se llamo a fusesito_readdir

[INFO] 16:23:17:667 Sac-Cli/(7626:7637): Se llamo a fusesito_getattr

[INFO] 16:23:17:668 Sac-Cli/(7626:7637): /LaCosa
[INFO] 16:23:17:668 Sac-Cli/(7626:7637): se pudo enviar pack
[ERROR] 16:23:17:669 Sac-Cli/(7626:7637): Codigo de operacion: 4
[ERROR] 16:23:17:673 Sac-Cli/(7626:7637): Tamanio: 21
[ERROR] 16:23:17:673 Sac-Cli/(7626:7637): tamanio del path que recive: 21 
[ERROR] 16:23:17:673 Sac-Cli/(7626:7637): Hola, recibi GETATTR
[INFO] 16:23:17:676 Sac-Cli/(7626:7634): Se llamo a fusesito_getattr

[INFO] 16:23:17:676 Sac-Cli/(7626:7634): /
[INFO] 16:23:17:676 Sac-Cli/(7626:7634): se pudo enviar pack
[ERROR] 16:23:17:677 Sac-Cli/(7626:7634): Codigo de operacion: 4
[ERROR] 16:23:17:677 Sac-Cli/(7626:7634): Tamanio: 21
[ERROR] 16:23:17:679 Sac-Cli/(7626:7634): tamanio del path que recive: 21 
[ERROR] 16:23:17:680 Sac-Cli/(7626:7634): Hola, recibi GETATTR
[INFO] 16:23:17:680 Sac-Cli/(7626:7636): Se llamo a fusesito_readdir

[INFO] 16:23:17:681 Sac-Cli/(7626:7638): Se llamo a fusesito_getattr

[INFO] 16:23:17:681 Sac-Cli/(7626:7638): /LaCosa
[INFO] 16:23:17:682 Sac-Cli/(7626:7638): se pudo enviar pack
[ERROR] 16:23:17:682 Sac-Cli/(7626:7638): Codigo de operacion: 4
[ERROR] 16:23:17:682 Sac-Cli/(7626:7638): Tamanio: 21
[ERROR] 16:23:17:683 Sac-Cli/(7626:7638): tamanio del path que recive: 21 
[INFO] 16:23:17:683 Sac-Cli/(7626:7637): Se llamo a fusesito_getattr

[INFO] 16:23:17:684 Sac-Cli/(7626:7635): Se llamo a fusesito_getattr

[ERROR] 16:23:17:684 Sac-Cli/(7626:7638): Hola, recibi GETATTR
[INFO] 16:23:17:684 Sac-Cli/(7626:7635): /
[INFO] 16:23:17:684 Sac-Cli/(7626:7635): se pudo enviar pack
[ERROR] 16:23:17:685 Sac-Cli/(7626:7635): Codigo de operacion: 4
[ERROR] 16:23:17:685 Sac-Cli/(7626:7635): Tamanio: 21
[ERROR] 16:23:17:686 Sac-Cli/(7626:7635): tamanio del path que recive: 21 
[ERROR] 16:23:17:686 Sac-Cli/(7626:7635): Hola, recibi GETATTR
[INFO] 16:23:17:686 Sac-Cli/(7626:7637): /
[INFO] 16:23:17:691 Sac-Cli/(7626:7637): se pudo enviar pack
[ERROR] 16:23:17:694 Sac-Cli/(7626:7637): Codigo de operacion: 4
[ERROR] 16:23:17:695 Sac-Cli/(7626:7637): Tamanio: 21
[ERROR] 16:23:17:695 Sac-Cli/(7626:7637): tamanio del path que recive: 21 
[ERROR] 16:23:17:695 Sac-Cli/(7626:7637): Hola, recibi GETATTR
[INFO] 16:23:17:697 Sac-Cli/(7626:7635): Se llamo a fusesito_getattr

[INFO] 16:23:17:697 Sac-Cli/(7626:7635): /autorun.inf
[INFO] 16:23:17:697 Sac-Cli/(7626:7635): se pudo enviar pack
[ERROR] 16:23:17:698 Sac-Cli/(7626:7635): Codigo de operacion: 4
[ERROR] 16:23:17:698 Sac-Cli/(7626:7635): Tamanio: 21
[ERROR] 16:23:17:698 Sac-Cli/(7626:7635): tamanio del path que recive: 21 
[INFO] 16:23:17:700 Sac-Cli/(7626:7634): Se llamo a fusesito_getattr

[ERROR] 16:23:17:704 Sac-Cli/(7626:7635): Hola, recibi GETATTR
[INFO] 16:23:17:705 Sac-Cli/(7626:7634): /
[INFO] 16:23:17:705 Sac-Cli/(7626:7634): se pudo enviar pack
[ERROR] 16:23:17:706 Sac-Cli/(7626:7634): Codigo de operacion: 4
[ERROR] 16:23:17:706 Sac-Cli/(7626:7634): Tamanio: 21
[INFO] 16:23:17:706 Sac-Cli/(7626:7638): Se llamo a fusesito_getattr

[INFO] 16:23:17:707 Sac-Cli/(7626:7638): /
[INFO] 16:23:17:707 Sac-Cli/(7626:7638): se pudo enviar pack
[ERROR] 16:23:17:707 Sac-Cli/(7626:7638): Codigo de operacion: 4
[ERROR] 16:23:17:708 Sac-Cli/(7626:7638): Tamanio: 21
[ERROR] 16:23:17:708 Sac-Cli/(7626:7638): tamanio del path que recive: 21 
[ERROR] 16:23:17:708 Sac-Cli/(7626:7638): Hola, recibi GETATTR
[ERROR] 16:23:17:709 Sac-Cli/(7626:7634): tamanio del path que recive: 21 
[ERROR] 16:23:17:713 Sac-Cli/(7626:7634): Hola, recibi GETATTR
